<?xml version="1.0" encoding="UTF-8"?>
<!-- Generated by org.testng.reporters.JUnitReportReporter -->
<testsuite hostname="Hituj" name="com.TestcaseGroup.SingleGroupTest2" tests="6" failures="0" timestamp="6 Aug 2017 19:47:35 GMT" time="0.007" errors="0">
  <testcase name="viewProduct" time="0.001" classname="com.TestcaseGroup.SingleGroupTest2"/>
  <testcase name="cancel" time="0.001" classname="com.TestcaseGroup.SingleGroupTest2"/>
  <testcase name="login" time="0.001" classname="com.TestcaseGroup.SingleGroupTest2"/>
  <testcase name="logout" time="0.001" classname="com.TestcaseGroup.SingleGroupTest2"/>
  <testcase name="register" time="0.001" classname="com.TestcaseGroup.SingleGroupTest2"/>
  <testcase name="viewProduct" time="0.002" classname="com.TestcaseGroup.SingleGroupTest2"/>
</testsuite>
