<?xml version="1.0" encoding="UTF-8"?>
<!-- Generated by org.testng.reporters.JUnitReportReporter -->
<testsuite skipped="0" hostname="Hituj" name="com.TestcaseGroup.SingleGroupTest2" tests="5" failures="0" timestamp="06 Aug 2017 19:36:21 GMT" time="0.059" errors="0">
  <testcase name="register" time="0.004" classname="com.TestcaseGroup.SingleGroupTest2"/>
  <testcase name="viewProduct" time="0.003" classname="com.TestcaseGroup.SingleGroupTest2"/>
  <testcase name="logout" time="0.004" classname="com.TestcaseGroup.SingleGroupTest2"/>
  <testcase name="cancel" time="0.045" classname="com.TestcaseGroup.SingleGroupTest2"/>
  <testcase name="login" time="0.003" classname="com.TestcaseGroup.SingleGroupTest2"/>
</testsuite> <!-- com.TestcaseGroup.SingleGroupTest2 -->
