<?xml version="1.0" encoding="UTF-8"?>
<!-- Generated by org.testng.reporters.JUnitReportReporter -->
<testsuite hostname="Hituj" name="com.pages.SignON" tests="1" failures="0" timestamp="5 Aug 2017 23:01:31 GMT" time="484.954" errors="0">
  <testcase name="Login" time="484.954" classname="com.pages.SignON"/>
</testsuite> <!-- com.pages.SignON -->
