<?xml version="1.0" encoding="UTF-8"?>
<!-- Generated by org.testng.reporters.JUnitReportReporter -->
<testsuite hostname="Hituj" name="com.pages.SelectFlight" tests="1" failures="0" timestamp="24 Jul 2017 15:56:10 GMT" time="0.470" errors="0">
  <testcase name="FlightPicker" time="0.470" classname="com.pages.SelectFlight"/>
</testsuite> <!-- com.pages.SelectFlight -->
