<?xml version="1.0" encoding="UTF-8"?>
<!-- Generated by org.testng.reporters.JUnitReportReporter -->
<testsuite hostname="Hituj" name="com.pages.SignON" tests="1" failures="0" timestamp="24 Jul 2017 15:56:10 GMT" time="5.196" errors="0">
  <testcase name="Login" time="5.196" classname="com.pages.SignON"/>
</testsuite> <!-- com.pages.SignON -->
