<?xml version="1.0" encoding="UTF-8"?>
<!-- Generated by org.testng.reporters.JUnitReportReporter -->
<testsuite hostname="Hituj" name="COM.LOGIN.LoginTest" tests="1" failures="0" timestamp="8 Jul 2017 06:11:10 GMT" time="49.788" errors="0">
  <testcase name="loggin" time="49.788" classname="COM.LOGIN.LoginTest"/>
</testsuite>
