<?xml version="1.0" encoding="UTF-8"?>
<!-- Generated by org.testng.reporters.JUnitReportReporter -->
<testsuite hostname="Hituj" name="COM.LOGIN.MouseEvent" tests="1" failures="0" timestamp="8 Jul 2017 06:11:10 GMT" time="40.316" errors="0">
  <testcase name="mouseDemo" time="40.316" classname="COM.LOGIN.MouseEvent"/>
</testsuite>
