<?xml version="1.0" encoding="UTF-8"?>
<!-- Generated by org.testng.reporters.JUnitReportReporter -->
<testsuite hostname="Hituj" name="com.pages.HomePage_Register" tests="1" failures="0" timestamp="22 Jul 2017 11:43:19 GMT" time="93.225" errors="0">
  <testcase name="Register" time="93.225" classname="com.pages.HomePage_Register"/>
</testsuite> <!-- com.pages.HomePage_Register -->
