<?xml version="1.0" encoding="UTF-8"?>
<!-- Generated by org.testng.reporters.JUnitReportReporter -->
<testsuite hostname="Hituj" name="com.pages.SignON" tests="1" failures="0" timestamp="22 Jul 2017 11:43:19 GMT" time="47.925" errors="0">
  <testcase name="Login" time="47.925" classname="com.pages.SignON"/>
</testsuite> <!-- com.pages.SignON -->
