<?xml version="1.0" encoding="UTF-8"?>
<!-- Generated by org.testng.reporters.JUnitReportReporter -->
<testsuite hostname="Hituj" name="com.pages.SignON" tests="1" failures="0" timestamp="11 Sep 2016 20:51:35 GMT" time="1.649" errors="0">
  <testcase name="Login" time="1.649" classname="com.pages.SignON"/>
</testsuite> <!-- com.pages.SignON -->
