<?xml version="1.0" encoding="UTF-8"?>
<!-- Generated by org.testng.reporters.JUnitReportReporter -->
<testsuite hostname="Hituj" name="com.pages.HomePage_Register" tests="1" failures="0" timestamp="11 Sep 2016 20:51:35 GMT" time="4.889" errors="0">
  <testcase name="Register" time="4.889" classname="com.pages.HomePage_Register"/>
</testsuite> <!-- com.pages.HomePage_Register -->
