<?xml version="1.0" encoding="UTF-8"?>
<!-- Generated by org.testng.reporters.JUnitReportReporter -->
<testsuite hostname="Hituj" name="com.pages.FlightFinder" tests="1" failures="0" timestamp="11 Sep 2016 20:51:35 GMT" time="9.746" errors="0">
  <testcase name="BookFlight" time="9.746" classname="com.pages.FlightFinder"/>
</testsuite> <!-- com.pages.FlightFinder -->
