<?xml version="1.0" encoding="UTF-8"?>
<!-- Generated by org.testng.reporters.JUnitReportReporter -->
<testsuite skipped="0" hostname="Hituj" name="com.TestcaseGroup.SingleGroupTest" tests="5" failures="0" timestamp="06 Aug 2017 16:03:31 GMT" time="0.044" errors="0">
  <testcase name="cancel" time="0.028" classname="com.TestcaseGroup.SingleGroupTest"/>
  <testcase name="logout" time="0.005" classname="com.TestcaseGroup.SingleGroupTest"/>
  <testcase name="login" time="0.003" classname="com.TestcaseGroup.SingleGroupTest"/>
  <testcase name="viewProduct" time="0.004" classname="com.TestcaseGroup.SingleGroupTest"/>
  <testcase name="register" time="0.004" classname="com.TestcaseGroup.SingleGroupTest"/>
</testsuite> <!-- com.TestcaseGroup.SingleGroupTest -->
