<?xml version="1.0" encoding="UTF-8"?>
<!-- Generated by org.testng.reporters.JUnitReportReporter -->
<testsuite skipped="0" hostname="Hituj" name="COM.LOGIN.MouseEventTest" tests="1" failures="0" timestamp="04 Jul 2017 23:50:58 GMT" time="71.854" errors="0">
  <testcase name="mouseDemo" time="71.854" classname="COM.LOGIN.MouseEventTest"/>
</testsuite> <!-- COM.LOGIN.MouseEventTest -->
