<?xml version="1.0" encoding="UTF-8"?>
<!-- Generated by org.testng.reporters.JUnitReportReporter -->
<testsuite hostname="Hituj" name="com.pages.FlightFinder" tests="1" failures="0" timestamp="2 Jul 2017 18:05:31 GMT" time="12.491" errors="0">
  <testcase name="BookFlight" time="12.491" classname="com.pages.FlightFinder"/>
</testsuite> <!-- com.pages.FlightFinder -->
