<?xml version="1.0" encoding="UTF-8"?>
<!-- Generated by org.testng.reporters.JUnitReportReporter -->
<testsuite hostname="Hituj" name="com.pages.HomePage_Register" tests="1" failures="0" timestamp="2 Jul 2017 18:05:31 GMT" time="7.662" errors="0">
  <testcase name="Register" time="7.662" classname="com.pages.HomePage_Register"/>
</testsuite> <!-- com.pages.HomePage_Register -->
