<?xml version="1.0" encoding="UTF-8"?>
<!-- Generated by org.testng.reporters.JUnitReportReporter -->
<testsuite hostname="Hituj" name="com.pages.SignON" tests="1" failures="0" timestamp="2 Jul 2017 18:05:31 GMT" time="3.468" errors="0">
  <testcase name="Login" time="3.468" classname="com.pages.SignON"/>
</testsuite> <!-- com.pages.SignON -->
