<?xml version="1.0" encoding="UTF-8"?>
<!-- Generated by org.testng.reporters.JUnitReportReporter -->
<testsuite skipped="0" hostname="Hituj" name="Tests.SignIN" tests="1" failures="0" timestamp="05 Jul 2017 08:47:44 GMT" time="41.086" errors="0">
  <testcase name="Login" time="41.086" classname="Tests.SignIN"/>
</testsuite> <!-- Tests.SignIN -->
