<?xml version="1.0" encoding="UTF-8"?>
<!-- Generated by org.testng.reporters.JUnitReportReporter -->
<testsuite skipped="0" hostname="Hituj" name="pageFactory_TestCases.phpLogin" tests="1" failures="0" timestamp="18 Jul 2017 11:24:43 GMT" time="19.333" errors="0">
  <testcase name="verifyValidLogin" time="19.333" classname="pageFactory_TestCases.phpLogin"/>
</testsuite> <!-- pageFactory_TestCases.phpLogin -->
