<?xml version="1.0" encoding="UTF-8"?>
<!-- Generated by org.testng.reporters.JUnitReportReporter -->
<testsuite skipped="0" hostname="Hituj" name="pageFactory_TestCases.quickBookTest" tests="1" failures="0" timestamp="19 Jul 2017 21:22:39 GMT" time="271.664" errors="0">
  <testcase name="quickBooking" time="271.664" classname="pageFactory_TestCases.quickBookTest"/>
</testsuite> <!-- pageFactory_TestCases.quickBookTest -->
