<?xml version="1.0" encoding="UTF-8"?>
<!-- Generated by org.testng.reporters.JUnitReportReporter -->
<testsuite hostname="Hituj" name="com.TestNg.Class1" tests="2" failures="0" timestamp="29 May 2017 09:39:33 GMT" time="0.010" errors="0">
  <testcase name="X1" time="0.005" classname="com.TestNg.Class1"/>
  <testcase name="m1" time="0.005" classname="com.TestNg.Class1"/>
</testsuite> <!-- com.TestNg.Class1 -->
