<?xml version="1.0" encoding="UTF-8"?>
<!-- Generated by org.testng.reporters.JUnitReportReporter -->
<testsuite hostname="Hituj" name="com.TestNg.Class2" tests="2" failures="0" timestamp="29 May 2017 09:39:33 GMT" time="0.000" errors="0">
  <testcase name="X2" time="0.000" classname="com.TestNg.Class2"/>
  <testcase name="m2" time="0.000" classname="com.TestNg.Class2"/>
</testsuite> <!-- com.TestNg.Class2 -->
