<?xml version="1.0" encoding="UTF-8"?>
<!-- Generated by org.testng.reporters.JUnitReportReporter -->
<testsuite hostname="Hituj" name="com.TestNg.Class3" tests="1" failures="0" timestamp="29 May 2017 09:39:33 GMT" time="0.060" errors="0">
  <testcase name="m3" time="0.060" classname="com.TestNg.Class3"/>
</testsuite> <!-- com.TestNg.Class3 -->
