<?xml version="1.0" encoding="UTF-8"?>
<!-- Generated by org.testng.reporters.JUnitReportReporter -->
<testsuite hostname="Hituj" name="com.pages.HomePage_Register" tests="1" failures="0" timestamp="1 Jul 2017 16:18:54 GMT" time="6.864" errors="0">
  <testcase name="Register" time="6.864" classname="com.pages.HomePage_Register"/>
</testsuite> <!-- com.pages.HomePage_Register -->
