<?xml version="1.0" encoding="UTF-8"?>
<!-- Generated by org.testng.reporters.JUnitReportReporter -->
<testsuite hostname="Hituj" name="com.pages.SignON" tests="1" failures="0" timestamp="1 Jul 2017 16:18:54 GMT" time="3.052" errors="0">
  <testcase name="Login" time="3.052" classname="com.pages.SignON"/>
</testsuite> <!-- com.pages.SignON -->
