<?xml version="1.0" encoding="UTF-8"?>
<!-- Generated by org.testng.reporters.JUnitReportReporter -->
<testsuite hostname="Hituj" name="com.pages.FlightFinder" tests="1" failures="0" timestamp="1 Jul 2017 16:18:54 GMT" time="11.543" errors="0">
  <testcase name="BookFlight" time="11.543" classname="com.pages.FlightFinder"/>
</testsuite> <!-- com.pages.FlightFinder -->
