<?xml version="1.0" encoding="UTF-8"?>
<!-- Generated by org.testng.reporters.JUnitReportReporter -->
<testsuite hostname="Hituj" name="com.pages.FlightBooker" tests="1" failures="0" timestamp="1 Jul 2017 16:18:54 GMT" time="2.646" errors="0">
  <testcase name="ConfirmFlight" time="2.646" classname="com.pages.FlightBooker"/>
</testsuite> <!-- com.pages.FlightBooker -->
