<?xml version="1.0" encoding="UTF-8"?>
<!-- Generated by org.testng.reporters.JUnitReportReporter -->
<testsuite hostname="Hituj" name="com.pages.HomePage_Register" tests="1" failures="0" timestamp="6 Sep 2016 14:56:58 GMT" time="5.996" errors="0">
  <testcase name="Register" time="5.996" classname="com.pages.HomePage_Register"/>
</testsuite> <!-- com.pages.HomePage_Register -->
