<?xml version="1.0" encoding="UTF-8"?>
<!-- Generated by org.testng.reporters.JUnitReportReporter -->
<testsuite hostname="Hituj" name="com.pages.SignON" tests="1" failures="0" timestamp="6 Sep 2016 14:56:58 GMT" time="12.208" errors="0">
  <testcase name="Login" time="12.208" classname="com.pages.SignON"/>
</testsuite> <!-- com.pages.SignON -->
