<?xml version="1.0" encoding="UTF-8"?>
<!-- Generated by org.testng.reporters.JUnitReportReporter -->
<testsuite skipped="0" hostname="Hituj" name="com.Retry.retryTest" tests="1" failures="0" timestamp="06 Aug 2017 08:37:11 GMT" time="0.047" errors="0">
  <testcase name="failTestcase" time="0.047" classname="com.Retry.retryTest"/>
</testsuite> <!-- com.Retry.retryTest -->
