<?xml version="1.0" encoding="UTF-8"?>
<!-- Generated by org.testng.reporters.JUnitReportReporter -->
<testsuite hostname="Hituj" name="com.test.sample" tests="1" failures="0" timestamp="6 Aug 2017 17:28:02 GMT" time="0.013" errors="0">
  <testcase name="demotest" time="0.013" classname="com.test.sample"/>
</testsuite>
