<?xml version="1.0" encoding="UTF-8"?>
<!-- Generated by org.testng.reporters.JUnitReportReporter -->
<testsuite hostname="Hituj" name="MVN_MERCURYFRMWRK_1JULY2017_V1.MVN_MERCURYFRMWRK_1JULY2017_V1._A1.AppTest" tests="1" failures="0" timestamp="1 Jul 2017 19:06:58 GMT" time="0.005" errors="0">
  <testcase name="testApp" time="0.005" classname="MVN_MERCURYFRMWRK_1JULY2017_V1.MVN_MERCURYFRMWRK_1JULY2017_V1._A1.AppTest"/>
</testsuite> <!-- MVN_MERCURYFRMWRK_1JULY2017_V1.MVN_MERCURYFRMWRK_1JULY2017_V1._A1.AppTest -->
